<?xml version="1.0" encoding="UTF-8"?>
<!-- Generated by org.testng.reporters.JUnitXMLReporter -->
<testsuite ignored="0" hostname="DESKTOP-1555UOJ" failures="0" tests="4" name="login_tests" time="27.871" errors="0" timestamp="2023-04-09T00:14:53 EET">
  <testcase classname="login_tests.InValidLogin" name="loginWithInvalidEmailAndPassword" time="2.012"/>
  <testcase classname="register_tests.ValidRegister" name="registerWithValidCredentials" time="2.69"/>
  <testcase classname="search_tests.searchResultValidation" name="searchAndValidateResults" time="1.713"/>
  <testcase classname="currencies_tests.Currency" name="testIfCurrencyChangedOverAllProducts" time="1.384"/>
</testsuite> <!-- login_tests -->
