<?xml version="1.0" encoding="UTF-8"?>
<!-- Generated by org.testng.reporters.JUnitXMLReporter -->
<testsuite ignored="0" hostname="DESKTOP-1555UOJ" failures="0" tests="4" name="login_tests" time="24.612" errors="0" timestamp="2023-04-08T23:47:20 EET">
  <testcase classname="login_tests.InValidLogin" name="loginWithInvalidEmailAndPassword" time="1.947"/>
  <testcase classname="register_tests.ValidRegister" name="registerWithValidCredentials" time="2.495"/>
  <testcase classname="search_tests.searchResultValidation" name="searchAndValidateResults" time="1.011"/>
  <testcase classname="currencies_tests.Currency" name="testIfCurrencyChangedOverAllProducts" time="0.821"/>
</testsuite> <!-- login_tests -->
